<?xml version="1.0" encoding="UTF-8"?>
<!-- Generated by org.testng.reporters.JUnitXMLReporter -->
<testsuite hostname="sai-PC" name="Default test" tests="3" failures="0" timestamp="27 Nov 2019 12:01:41 GMT" time="7.171" errors="0">
  <testcase name="TC1" time="0.019" classname="nov25.Generatereports"/>
  <testcase name="TC2" time="5.022" classname="nov25.Generatereports"/>
  <testcase name="TC3" time="0.007" classname="nov25.Generatereports">
    <skipped/>
  </testcase> <!-- TC3 -->
</testsuite> <!-- Default test -->
